<?xml version="1.0" encoding="UTF-8"?>
<testsuite name="com.bridgelabz.selenium.DBTesting" tests="4" skipped="0" failures="0" errors="0" timestamp="2021-08-03T03:26:05" hostname="DESKTOP-5DOOE2D" time="0.219">
  <properties/>
  <testcase name="delete_row_from_table" classname="com.bridgelabz.selenium.DBTesting" time="0.125"/>
  <testcase name="get_table_data" classname="com.bridgelabz.selenium.DBTesting" time="0.016"/>
  <testcase name="insert_table_data" classname="com.bridgelabz.selenium.DBTesting" time="0.046"/>
  <testcase name="update_values_into_table" classname="com.bridgelabz.selenium.DBTesting" time="0.016"/>
  <system-out><![CDATA[connecting to jdbcjdbc:mysql://localhost:3306/spotifydb?useSSL=false
connection is successful:com.mysql.cj.jdbc.ConnectionImpl@620c8ed9
connecting to jdbcjdbc:mysql://localhost:3306/spotifydb?useSSL=false
connection is successful:com.mysql.cj.jdbc.ConnectionImpl@6759827d
/****************Records**************/
3 Shweta shwetaprasad48@gmail.com
4 Anusha anushaverma8@gmail.com
5 shakti shaktib47@gmail.com
6 Seema seemaprasad7@gmail.com
7 Rakesh rakeshprasad55@gmail.com
connecting to jdbcjdbc:mysql://localhost:3306/spotifydb?useSSL=false
connection is successful:com.mysql.cj.jdbc.ConnectionImpl@360fee0f
/****************Records**************/
3 Shweta shwetaprasad48@gmail.com
4 Anusha anushaverma8@gmail.com
5 shakti shaktib47@gmail.com
6 Seema seemaprasad7@gmail.com
7 Rakesh rakeshprasad55@gmail.com
connecting to jdbcjdbc:mysql://localhost:3306/spotifydb?useSSL=false
connection is successful:com.mysql.cj.jdbc.ConnectionImpl@54bac4ff
connecting to jdbcjdbc:mysql://localhost:3306/spotifydb?useSSL=false
connection is successful:com.mysql.cj.jdbc.ConnectionImpl@55b1b8c6
]]></system-out>
  <system-err><![CDATA[]]></system-err>
</testsuite>
